<?xml version="1.0" encoding="UTF-8"?>
<!-- Generated by org.testng.reporters.JUnitReportReporter -->
<testsuite skipped="0" hostname="LAPTOP-87VFKP17" name="org.txt.SampleDay3" tests="1" failures="0" timestamp="20 Apr 2020 05:38:29 GMT" time="0.461" errors="0">
  <testcase name="test1" time="0.461" classname="org.txt.SampleDay3"/>
</testsuite> <!-- org.txt.SampleDay3 -->
